2016-12-19 13:54:56 [::1][-][-][error][yii\web\HttpException:404] exception 'yii\base\InvalidRouteException' with message 'Unable to resolve the request "".' in /Users/igor/MyPrograms/phpProgs/nasa/vendor/yiisoft/yii2/base/Module.php:462
Stack trace:
#0 /Users/igor/MyPrograms/phpProgs/nasa/vendor/yiisoft/yii2/web/Application.php(100): yii\base\Module->runAction('', Array)
#1 /Users/igor/MyPrograms/phpProgs/nasa/vendor/yiisoft/yii2/base/Application.php(375): yii\web\Application->handleRequest(Object(yii\web\Request))
#2 /Users/igor/MyPrograms/phpProgs/nasa/web/index.php(12): yii\base\Application->run()
#3 {main}

Next exception 'yii\web\NotFoundHttpException' with message 'Page not found.' in /Users/igor/MyPrograms/phpProgs/nasa/vendor/yiisoft/yii2/web/Application.php:112
Stack trace:
#0 /Users/igor/MyPrograms/phpProgs/nasa/vendor/yiisoft/yii2/base/Application.php(375): yii\web\Application->handleRequest(Object(yii\web\Request))
#1 /Users/igor/MyPrograms/phpProgs/nasa/web/index.php(12): yii\base\Application->run()
#2 {main}
2016-12-19 13:54:56 [::1][-][-][info][application] $_COOKIE = [
    'BITRIX_SM_UIDH' => '674596e1723b434bbf3cbbe83c56f493'
    'BITRIX_SM_UIDL' => 'admin'
    'BITRIX_SM_SALE_UID' => '0'
    'BITRIX_CONVERSION_CONTEXT_s1' => '{\"ID\":1,\"EXPIRE\":1482008340,\"UNIQUE\":[\"conversion_visit_day\"]}'
    '_csrf' => '952c59e5283f7e2e5bd32586bae03fbe6e1dc4373a1ae98f9c4040d50dcaa621a:2:{i:0;s:5:\"_csrf\";i:1;s:32:\"c7lXidmkuOhF75Duc-vw_RROJSulojiW\";}'
]

$_SERVER = [
    'DOCUMENT_ROOT' => '/Users/igor/MyPrograms/phpProgs/nasa'
    'REMOTE_ADDR' => '::1'
    'REMOTE_PORT' => '51904'
    'SERVER_SOFTWARE' => 'PHP 5.6.29 Development Server'
    'SERVER_PROTOCOL' => 'HTTP/1.1'
    'SERVER_NAME' => 'localhost'
    'SERVER_PORT' => '7777'
    'REQUEST_URI' => '/web'
    'REQUEST_METHOD' => 'GET'
    'SCRIPT_NAME' => '/web/index.php'
    'SCRIPT_FILENAME' => '/Users/igor/MyPrograms/phpProgs/nasa/web/index.php'
    'PHP_SELF' => '/web/index.php'
    'HTTP_HOST' => 'localhost:7777'
    'HTTP_CONNECTION' => 'keep-alive'
    'HTTP_CACHE_CONTROL' => 'max-age=0'
    'HTTP_UPGRADE_INSECURE_REQUESTS' => '1'
    'HTTP_USER_AGENT' => 'Mozilla/5.0 (Macintosh; Intel Mac OS X 10_11_6) AppleWebKit/537.36 (KHTML, like Gecko) Chrome/55.0.2883.95 Safari/537.36'
    'HTTP_ACCEPT' => 'text/html,application/xhtml+xml,application/xml;q=0.9,image/webp,*/*;q=0.8'
    'HTTP_ACCEPT_ENCODING' => 'gzip, deflate, sdch, br'
    'HTTP_ACCEPT_LANGUAGE' => 'ru-RU,ru;q=0.8,en-US;q=0.6,en;q=0.4'
    'HTTP_COOKIE' => 'BITRIX_SM_UIDH=674596e1723b434bbf3cbbe83c56f493; BITRIX_SM_UIDL=admin; BITRIX_SM_SALE_UID=0; BITRIX_CONVERSION_CONTEXT_s1=%7B%22ID%22%3A1%2C%22EXPIRE%22%3A1482008340%2C%22UNIQUE%22%3A%5B%22conversion_visit_day%22%5D%7D; _csrf=952c59e5283f7e2e5bd32586bae03fbe6e1dc4373a1ae98f9c4040d50dcaa621a%3A2%3A%7Bi%3A0%3Bs%3A5%3A%22_csrf%22%3Bi%3A1%3Bs%3A32%3A%22c7lXidmkuOhF75Duc-vw_RROJSulojiW%22%3B%7D'
    'REQUEST_TIME_FLOAT' => 1482144896.3096
    'REQUEST_TIME' => 1482144896
]
2016-12-19 13:55:13 [::1][-][-][error][yii\web\HttpException:404] exception 'yii\base\InvalidRouteException' with message 'Unable to resolve the request "".' in /Users/igor/MyPrograms/phpProgs/nasa/vendor/yiisoft/yii2/base/Module.php:462
Stack trace:
#0 /Users/igor/MyPrograms/phpProgs/nasa/vendor/yiisoft/yii2/web/Application.php(100): yii\base\Module->runAction('', Array)
#1 /Users/igor/MyPrograms/phpProgs/nasa/vendor/yiisoft/yii2/base/Application.php(375): yii\web\Application->handleRequest(Object(yii\web\Request))
#2 /Users/igor/MyPrograms/phpProgs/nasa/web/index.php(12): yii\base\Application->run()
#3 {main}

Next exception 'yii\web\NotFoundHttpException' with message 'Page not found.' in /Users/igor/MyPrograms/phpProgs/nasa/vendor/yiisoft/yii2/web/Application.php:112
Stack trace:
#0 /Users/igor/MyPrograms/phpProgs/nasa/vendor/yiisoft/yii2/base/Application.php(375): yii\web\Application->handleRequest(Object(yii\web\Request))
#1 /Users/igor/MyPrograms/phpProgs/nasa/web/index.php(12): yii\base\Application->run()
#2 {main}
2016-12-19 13:55:13 [::1][-][-][info][application] $_COOKIE = [
    'BITRIX_SM_UIDH' => '674596e1723b434bbf3cbbe83c56f493'
    'BITRIX_SM_UIDL' => 'admin'
    'BITRIX_SM_SALE_UID' => '0'
    'BITRIX_CONVERSION_CONTEXT_s1' => '{\"ID\":1,\"EXPIRE\":1482008340,\"UNIQUE\":[\"conversion_visit_day\"]}'
    '_csrf' => '952c59e5283f7e2e5bd32586bae03fbe6e1dc4373a1ae98f9c4040d50dcaa621a:2:{i:0;s:5:\"_csrf\";i:1;s:32:\"c7lXidmkuOhF75Duc-vw_RROJSulojiW\";}'
]

$_SERVER = [
    'DOCUMENT_ROOT' => '/Users/igor/MyPrograms/phpProgs/nasa'
    'REMOTE_ADDR' => '::1'
    'REMOTE_PORT' => '51910'
    'SERVER_SOFTWARE' => 'PHP 5.6.29 Development Server'
    'SERVER_PROTOCOL' => 'HTTP/1.1'
    'SERVER_NAME' => 'localhost'
    'SERVER_PORT' => '7777'
    'REQUEST_URI' => '/web'
    'REQUEST_METHOD' => 'GET'
    'SCRIPT_NAME' => '/web/index.php'
    'SCRIPT_FILENAME' => '/Users/igor/MyPrograms/phpProgs/nasa/web/index.php'
    'PHP_SELF' => '/web/index.php'
    'HTTP_HOST' => 'localhost:7777'
    'HTTP_CONNECTION' => 'keep-alive'
    'HTTP_UPGRADE_INSECURE_REQUESTS' => '1'
    'HTTP_USER_AGENT' => 'Mozilla/5.0 (Macintosh; Intel Mac OS X 10_11_6) AppleWebKit/537.36 (KHTML, like Gecko) Chrome/55.0.2883.95 Safari/537.36'
    'HTTP_ACCEPT' => 'text/html,application/xhtml+xml,application/xml;q=0.9,image/webp,*/*;q=0.8'
    'HTTP_ACCEPT_ENCODING' => 'gzip, deflate, sdch, br'
    'HTTP_ACCEPT_LANGUAGE' => 'ru-RU,ru;q=0.8,en-US;q=0.6,en;q=0.4'
    'HTTP_COOKIE' => 'BITRIX_SM_UIDH=674596e1723b434bbf3cbbe83c56f493; BITRIX_SM_UIDL=admin; BITRIX_SM_SALE_UID=0; BITRIX_CONVERSION_CONTEXT_s1=%7B%22ID%22%3A1%2C%22EXPIRE%22%3A1482008340%2C%22UNIQUE%22%3A%5B%22conversion_visit_day%22%5D%7D; _csrf=952c59e5283f7e2e5bd32586bae03fbe6e1dc4373a1ae98f9c4040d50dcaa621a%3A2%3A%7Bi%3A0%3Bs%3A5%3A%22_csrf%22%3Bi%3A1%3Bs%3A32%3A%22c7lXidmkuOhF75Duc-vw_RROJSulojiW%22%3B%7D'
    'REQUEST_TIME_FLOAT' => 1482144913.7434
    'REQUEST_TIME' => 1482144913
]
